2019-03-20T07:37:33+00:00 DEBUG 
====Stripe Version: 4.1.15====
====Start Log====
Keys are not set correctly.
====End Log====


2019-03-20T07:54:31+00:00 DEBUG 
====Stripe Version: 4.1.15====
====Start Log====
Keys are not set correctly.
====End Log====


2019-03-20T07:56:15+00:00 DEBUG 
====Stripe Version: 4.1.15====
====Start Log====
Error: Unable to verify domain - missing secret key.
====End Log====


2019-03-20T08:01:06+00:00 DEBUG 
====Stripe Version: 4.1.15====
====Start Log====
Error: Unable to verify domain - missing secret key.
====End Log====


2019-03-20T08:01:40+00:00 DEBUG 
====Stripe Version: 4.1.15====
====Start Log====
Error: Unable to verify domain - missing secret key.
====End Log====


2019-03-20T08:07:01+00:00 DEBUG 
====Stripe Version: 4.1.15====
====Start Log====
Keys are not set correctly.
====End Log====


2019-03-20T08:07:11+00:00 DEBUG 
====Stripe Version: 4.1.15====
====Start Log====
Error: Unable to verify domain - missing secret key.
====End Log====


